app/build/intermediates/manifest_merge_blame_file/release/manifest-merger-blame-release-report.txt
1<?xml version="1.0" encoding="utf-8"?>
2<manifest xmlns:android="http://schemas.android.com/apk/res/android"
3    package="com.moutamid.calenderapp"
4    android:versionCode="1"
5    android:versionName="1.0" >
6
7    <uses-sdk
8        android:minSdkVersion="24"
9        android:targetSdkVersion="33" />
10
11    <uses-permission android:name="android.permission.INTERNET" />
11-->src\main\AndroidManifest.xml:5:5-67
11-->src\main\AndroidManifest.xml:5:22-64
12    <uses-permission android:name="android.permission.POST_NOTIFICATIONS" />
12-->src\main\AndroidManifest.xml:6:5-77
12-->src\main\AndroidManifest.xml:6:22-74
13    <uses-permission android:name="android.permission.VIBRATE" />
13-->src\main\AndroidManifest.xml:7:5-66
13-->src\main\AndroidManifest.xml:7:22-63
14
15    <queries>
15-->[com.github.dhaval2404:imagepicker:2.1] AndroidManifest.xml:9:5-19:15
16
17        <!-- Query Camera Packages -->
18        <intent>
18-->[com.github.dhaval2404:imagepicker:2.1] AndroidManifest.xml:12:9-14:18
19            <action android:name="android.media.action.IMAGE_CAPTURE" />
19-->[com.github.dhaval2404:imagepicker:2.1] AndroidManifest.xml:13:13-73
19-->[com.github.dhaval2404:imagepicker:2.1] AndroidManifest.xml:13:21-70
20        </intent>
21        <!-- Query Open Document -->
22        <intent>
22-->[com.github.dhaval2404:imagepicker:2.1] AndroidManifest.xml:16:9-18:18
23            <action android:name="android.intent.action.OPEN_DOCUMENT_TREE" />
23-->[com.github.dhaval2404:imagepicker:2.1] AndroidManifest.xml:17:13-79
23-->[com.github.dhaval2404:imagepicker:2.1] AndroidManifest.xml:17:21-76
24        </intent>
25    </queries>
26
27    <uses-permission android:name="android.permission.ACCESS_NETWORK_STATE" />
27-->[com.google.firebase:firebase-auth:22.1.1] AndroidManifest.xml:26:5-79
27-->[com.google.firebase:firebase-auth:22.1.1] AndroidManifest.xml:26:22-76
28    <uses-permission android:name="android.permission.WAKE_LOCK" /> <!-- Required by older versions of Google Play services to create IID tokens -->
28-->[com.google.firebase:firebase-messaging:23.2.1] AndroidManifest.xml:24:5-68
28-->[com.google.firebase:firebase-messaging:23.2.1] AndroidManifest.xml:24:22-65
29    <uses-permission android:name="com.google.android.c2dm.permission.RECEIVE" />
29-->[com.google.firebase:firebase-messaging:23.2.1] AndroidManifest.xml:26:5-82
29-->[com.google.firebase:firebase-messaging:23.2.1] AndroidManifest.xml:26:22-79
30    <uses-permission android:name="com.google.android.gms.permission.AD_ID" />
30-->[com.google.android.gms:play-services-measurement-api:21.3.0] AndroidManifest.xml:25:5-79
30-->[com.google.android.gms:play-services-measurement-api:21.3.0] AndroidManifest.xml:25:22-76
31    <uses-permission android:name="com.google.android.finsky.permission.BIND_GET_INSTALL_REFERRER_SERVICE" />
31-->[com.google.android.gms:play-services-measurement:21.3.0] AndroidManifest.xml:26:5-110
31-->[com.google.android.gms:play-services-measurement:21.3.0] AndroidManifest.xml:26:22-107
32
33    <permission
33-->[androidx.core:core:1.9.0] AndroidManifest.xml:22:5-24:47
34        android:name="com.moutamid.calenderapp.DYNAMIC_RECEIVER_NOT_EXPORTED_PERMISSION"
34-->[androidx.core:core:1.9.0] AndroidManifest.xml:23:9-81
35        android:protectionLevel="signature" />
35-->[androidx.core:core:1.9.0] AndroidManifest.xml:24:9-44
36
37    <uses-permission android:name="com.moutamid.calenderapp.DYNAMIC_RECEIVER_NOT_EXPORTED_PERMISSION" />
37-->[androidx.core:core:1.9.0] AndroidManifest.xml:26:5-97
37-->[androidx.core:core:1.9.0] AndroidManifest.xml:26:22-94
38
39    <application
39-->src\main\AndroidManifest.xml:9:5-129:19
40        android:name="com.moutamid.calenderapp.MyApplication"
40-->src\main\AndroidManifest.xml:10:9-38
41        android:allowBackup="true"
41-->src\main\AndroidManifest.xml:11:9-35
42        android:appComponentFactory="androidx.core.app.CoreComponentFactory"
42-->[androidx.core:core:1.9.0] AndroidManifest.xml:28:18-86
43        android:dataExtractionRules="@xml/data_extraction_rules"
43-->src\main\AndroidManifest.xml:12:9-65
44        android:extractNativeLibs="false"
45        android:fullBackupContent="@xml/backup_rules"
45-->src\main\AndroidManifest.xml:13:9-54
46        android:icon="@mipmap/ic_launcher"
46-->src\main\AndroidManifest.xml:14:9-43
47        android:label="@string/app_name"
47-->src\main\AndroidManifest.xml:15:9-41
48        android:roundIcon="@mipmap/ic_launcher_round"
48-->src\main\AndroidManifest.xml:16:9-54
49        android:supportsRtl="true"
49-->src\main\AndroidManifest.xml:17:9-35
50        android:theme="@style/Theme.CalenderApp" >
50-->src\main\AndroidManifest.xml:18:9-49
51        <activity
51-->src\main\AndroidManifest.xml:20:9-22:40
52            android:name="com.moutamid.calenderapp.activities.ChatActivity"
52-->src\main\AndroidManifest.xml:21:13-52
53            android:exported="false" />
53-->src\main\AndroidManifest.xml:22:13-37
54        <activity
54-->src\main\AndroidManifest.xml:23:9-25:40
55            android:name="com.moutamid.calenderapp.activities.SelectUserActivity"
55-->src\main\AndroidManifest.xml:24:13-58
56            android:exported="false" />
56-->src\main\AndroidManifest.xml:25:13-37
57        <activity
57-->src\main\AndroidManifest.xml:26:9-28:40
58            android:name="com.moutamid.calenderapp.activities.AddTaskActivity"
58-->src\main\AndroidManifest.xml:27:13-55
59            android:exported="false" />
59-->src\main\AndroidManifest.xml:28:13-37
60        <activity
60-->src\main\AndroidManifest.xml:29:9-31:40
61            android:name="com.moutamid.calenderapp.activities.ProfileEditActivity"
61-->src\main\AndroidManifest.xml:30:13-59
62            android:exported="false" />
62-->src\main\AndroidManifest.xml:31:13-37
63        <activity
63-->src\main\AndroidManifest.xml:32:9-34:40
64            android:name="com.moutamid.calenderapp.activities.ForgotActivity"
64-->src\main\AndroidManifest.xml:33:13-54
65            android:exported="false" />
65-->src\main\AndroidManifest.xml:34:13-37
66        <activity
66-->src\main\AndroidManifest.xml:35:9-37:40
67            android:name="com.moutamid.calenderapp.activities.WelcomeActivity"
67-->src\main\AndroidManifest.xml:36:13-55
68            android:exported="false" />
68-->src\main\AndroidManifest.xml:37:13-37
69        <activity
69-->src\main\AndroidManifest.xml:38:9-40:40
70            android:name="com.moutamid.calenderapp.activities.SignUpActivity"
70-->src\main\AndroidManifest.xml:39:13-54
71            android:exported="false" />
71-->src\main\AndroidManifest.xml:40:13-37
72        <activity
72-->src\main\AndroidManifest.xml:41:9-43:40
73            android:name="com.moutamid.calenderapp.activities.LoginActivity"
73-->src\main\AndroidManifest.xml:42:13-53
74            android:exported="false" />
74-->src\main\AndroidManifest.xml:43:13-37
75        <activity
75-->src\main\AndroidManifest.xml:44:9-53:20
76            android:name="com.moutamid.calenderapp.SplashScreenActivity"
76-->src\main\AndroidManifest.xml:45:13-49
77            android:exported="true"
77-->src\main\AndroidManifest.xml:46:13-36
78            android:theme="@style/SplashTheme" >
78-->src\main\AndroidManifest.xml:47:13-47
79            <intent-filter>
79-->src\main\AndroidManifest.xml:48:13-52:29
80                <action android:name="android.intent.action.MAIN" />
80-->src\main\AndroidManifest.xml:49:17-69
80-->src\main\AndroidManifest.xml:49:25-66
81
82                <category android:name="android.intent.category.LAUNCHER" />
82-->src\main\AndroidManifest.xml:51:17-77
82-->src\main\AndroidManifest.xml:51:27-74
83            </intent-filter>
84        </activity>
85        <activity
85-->src\main\AndroidManifest.xml:54:9-56:40
86            android:name="com.moutamid.calenderapp.MainActivity"
86-->src\main\AndroidManifest.xml:55:13-41
87            android:exported="false" />
87-->src\main\AndroidManifest.xml:56:13-37
88
89        <service
89-->src\main\AndroidManifest.xml:58:9-65:19
90            android:name="com.moutamid.calenderapp.notifications.FirebaseMessagingService"
90-->src\main\AndroidManifest.xml:60:13-91
91            android:exported="true"
91-->src\main\AndroidManifest.xml:59:13-36
92            android:permission="TODO" >
92-->src\main\AndroidManifest.xml:61:13-38
93            <intent-filter>
93-->src\main\AndroidManifest.xml:62:13-64:29
94                <action android:name="com.google.firebase.MESSAGING_EVENT" />
94-->src\main\AndroidManifest.xml:63:17-78
94-->src\main\AndroidManifest.xml:63:25-75
95            </intent-filter>
96        </service>
97
98        <receiver
98-->src\main\AndroidManifest.xml:66:9-73:20
99            android:name="com.google.firebase.iid.FirebaseInstanceIdReceiver"
99-->src\main\AndroidManifest.xml:67:13-78
100            android:exported="true"
100-->src\main\AndroidManifest.xml:68:13-36
101            android:permission="com.google.android.c2dm.permission.SEND" >
101-->src\main\AndroidManifest.xml:69:13-73
102            <intent-filter>
102-->src\main\AndroidManifest.xml:70:13-72:29
103                <action android:name="com.google.android.c2dm.intent.RECEIVE" />
103-->src\main\AndroidManifest.xml:71:17-81
103-->src\main\AndroidManifest.xml:71:25-78
104            </intent-filter>
105        </receiver>
106
107        <service
107-->src\main\AndroidManifest.xml:75:9-82:19
108            android:name="com.google.firebase.messaging.FirebaseMessagingService"
108-->src\main\AndroidManifest.xml:76:13-82
109            android:directBootAware="true"
109-->src\main\AndroidManifest.xml:77:13-43
110            android:exported="false" >
110-->src\main\AndroidManifest.xml:78:13-37
111            <intent-filter android:priority="-500" >
111-->src\main\AndroidManifest.xml:62:13-64:29
111-->src\main\AndroidManifest.xml:79:28-51
112                <action android:name="com.google.firebase.MESSAGING_EVENT" />
112-->src\main\AndroidManifest.xml:63:17-78
112-->src\main\AndroidManifest.xml:63:25-75
113            </intent-filter>
114        </service>
115        <service
115-->src\main\AndroidManifest.xml:83:9-96:19
116            android:name="com.google.firebase.components.ComponentDiscoveryService"
116-->src\main\AndroidManifest.xml:84:13-84
117            android:directBootAware="true"
117-->src\main\AndroidManifest.xml:85:13-43
118            android:exported="false" >
118-->src\main\AndroidManifest.xml:86:13-37
119            <meta-data
119-->src\main\AndroidManifest.xml:87:13-89:85
120                android:name="com.google.firebase.components:com.google.firebase.messaging.FirebaseMessagingRegistrar"
120-->src\main\AndroidManifest.xml:88:17-119
121                android:value="com.google.firebase.components.ComponentRegistrar" />
121-->src\main\AndroidManifest.xml:89:17-82
122            <meta-data
122-->src\main\AndroidManifest.xml:90:13-92:85
123                android:name="com.google.firebase.components:com.google.firebase.datatransport.TransportRegistrar"
123-->src\main\AndroidManifest.xml:91:17-115
124                android:value="com.google.firebase.components.ComponentRegistrar" />
124-->src\main\AndroidManifest.xml:92:17-82
125            <meta-data
125-->src\main\AndroidManifest.xml:93:13-95:85
126                android:name="com.google.firebase.components:com.google.firebase.installations.FirebaseInstallationsRegistrar"
126-->src\main\AndroidManifest.xml:94:17-127
127                android:value="com.google.firebase.components.ComponentRegistrar" />
127-->src\main\AndroidManifest.xml:95:17-82
128            <meta-data
128-->[com.google.firebase:firebase-auth:22.1.1] AndroidManifest.xml:69:13-71:85
129                android:name="com.google.firebase.components:com.google.firebase.auth.FirebaseAuthRegistrar"
129-->[com.google.firebase:firebase-auth:22.1.1] AndroidManifest.xml:70:17-109
130                android:value="com.google.firebase.components.ComponentRegistrar" />
130-->[com.google.firebase:firebase-auth:22.1.1] AndroidManifest.xml:71:17-82
131            <meta-data
131-->[com.google.firebase:firebase-database:20.2.2] AndroidManifest.xml:31:13-33:85
132                android:name="com.google.firebase.components:com.google.firebase.database.DatabaseRegistrar"
132-->[com.google.firebase:firebase-database:20.2.2] AndroidManifest.xml:32:17-109
133                android:value="com.google.firebase.components.ComponentRegistrar" />
133-->[com.google.firebase:firebase-database:20.2.2] AndroidManifest.xml:33:17-82
134            <meta-data
134-->[com.google.firebase:firebase-storage:20.2.1] AndroidManifest.xml:32:13-34:85
135                android:name="com.google.firebase.components:com.google.firebase.storage.StorageRegistrar"
135-->[com.google.firebase:firebase-storage:20.2.1] AndroidManifest.xml:33:17-107
136                android:value="com.google.firebase.components.ComponentRegistrar" />
136-->[com.google.firebase:firebase-storage:20.2.1] AndroidManifest.xml:34:17-82
137            <meta-data
137-->[com.google.firebase:firebase-crashlytics:18.4.1] AndroidManifest.xml:15:13-17:85
138                android:name="com.google.firebase.components:com.google.firebase.crashlytics.CrashlyticsRegistrar"
138-->[com.google.firebase:firebase-crashlytics:18.4.1] AndroidManifest.xml:16:17-115
139                android:value="com.google.firebase.components.ComponentRegistrar" />
139-->[com.google.firebase:firebase-crashlytics:18.4.1] AndroidManifest.xml:17:17-82
140            <meta-data
140-->[com.google.firebase:firebase-sessions:1.0.2] AndroidManifest.xml:25:13-27:85
141                android:name="com.google.firebase.components:com.google.firebase.sessions.FirebaseSessionsRegistrar"
141-->[com.google.firebase:firebase-sessions:1.0.2] AndroidManifest.xml:26:17-117
142                android:value="com.google.firebase.components.ComponentRegistrar" />
142-->[com.google.firebase:firebase-sessions:1.0.2] AndroidManifest.xml:27:17-82
143            <meta-data
143-->[com.google.android.gms:play-services-measurement-api:21.3.0] AndroidManifest.xml:31:13-33:85
144                android:name="com.google.firebase.components:com.google.firebase.analytics.connector.internal.AnalyticsConnectorRegistrar"
144-->[com.google.android.gms:play-services-measurement-api:21.3.0] AndroidManifest.xml:32:17-139
145                android:value="com.google.firebase.components.ComponentRegistrar" />
145-->[com.google.android.gms:play-services-measurement-api:21.3.0] AndroidManifest.xml:33:17-82
146            <meta-data
146-->[com.google.firebase:firebase-common-ktx:20.3.3] AndroidManifest.xml:14:13-16:85
147                android:name="com.google.firebase.components:com.google.firebase.ktx.FirebaseCommonKtxRegistrar"
147-->[com.google.firebase:firebase-common-ktx:20.3.3] AndroidManifest.xml:15:17-113
148                android:value="com.google.firebase.components.ComponentRegistrar" />
148-->[com.google.firebase:firebase-common-ktx:20.3.3] AndroidManifest.xml:16:17-82
149        </service>
150
151        <!-- <provider -->
152        <!-- android:name="com.google.firebase.provider.FirebaseInitProvider" -->
153        <!-- android:authorities=".firebaseinitprovider" -->
154        <!-- android:directBootAware="true" -->
155        <!-- android:exported="false" -->
156        <!-- android:initOrder="100" /> -->
157
158
159        <!-- <provider -->
160        <!-- android:authorities="com.moutamid.pushnotifications." -->
161        <!-- android:name="com.google.firebase.provider.FirebaseInitProvider" -->
162
163        <meta-data
163-->src\main\AndroidManifest.xml:109:9-111:69
164            android:name="com.google.android.gms.version"
164-->src\main\AndroidManifest.xml:110:13-58
165            android:value="@integer/google_play_services_version" />
165-->src\main\AndroidManifest.xml:111:13-66
166
167        <service
167-->src\main\AndroidManifest.xml:113:9-119:19
168            android:name="com.google.android.datatransport.runtime.backends.TransportBackendDiscovery"
168-->src\main\AndroidManifest.xml:114:13-103
169            android:exported="false" >
169-->src\main\AndroidManifest.xml:115:13-37
170            <meta-data
170-->src\main\AndroidManifest.xml:116:13-118:39
171                android:name="backend:com.google.android.datatransport.cct.CctBackendFactory"
171-->src\main\AndroidManifest.xml:117:17-94
172                android:value="cct" />
172-->src\main\AndroidManifest.xml:118:17-36
173        </service>
174        <service
174-->src\main\AndroidManifest.xml:120:9-123:72
175            android:name="com.google.android.datatransport.runtime.scheduling.jobscheduling.JobInfoSchedulerService"
175-->src\main\AndroidManifest.xml:121:13-117
176            android:exported="false"
176-->src\main\AndroidManifest.xml:122:13-37
177            android:permission="android.permission.BIND_JOB_SERVICE" />
177-->src\main\AndroidManifest.xml:123:13-69
178
179        <receiver
179-->src\main\AndroidManifest.xml:125:9-127:40
180            android:name="com.google.android.datatransport.runtime.scheduling.jobscheduling.AlarmManagerSchedulerBroadcastReceiver"
180-->src\main\AndroidManifest.xml:126:13-132
181            android:exported="false" />
181-->src\main\AndroidManifest.xml:127:13-37
182
183        <activity
183-->[com.github.dhaval2404:imagepicker:2.1] AndroidManifest.xml:22:9-25:68
184            android:name="com.github.dhaval2404.imagepicker.ImagePickerActivity"
184-->[com.github.dhaval2404:imagepicker:2.1] AndroidManifest.xml:23:13-81
185            android:screenOrientation="unspecified"
185-->[com.github.dhaval2404:imagepicker:2.1] AndroidManifest.xml:24:13-52
186            android:theme="@style/Theme.Transparent.ImagePicker" />
186-->[com.github.dhaval2404:imagepicker:2.1] AndroidManifest.xml:25:13-65
187        <activity
187-->[com.github.dhaval2404:imagepicker:2.1] AndroidManifest.xml:26:9-29:72
188            android:name="com.yalantis.ucrop.UCropActivity"
188-->[com.github.dhaval2404:imagepicker:2.1] AndroidManifest.xml:27:13-60
189            android:screenOrientation="portrait"
189-->[com.github.dhaval2404:imagepicker:2.1] AndroidManifest.xml:28:13-49
190            android:theme="@style/Theme.AppCompat.Light.NoActionBar" />
190-->[com.github.dhaval2404:imagepicker:2.1] AndroidManifest.xml:29:13-69
191
192        <provider
192-->[com.github.dhaval2404:imagepicker:2.1] AndroidManifest.xml:31:9-39:20
193            android:name="com.github.dhaval2404.imagepicker.ImagePickerFileProvider"
193-->[com.github.dhaval2404:imagepicker:2.1] AndroidManifest.xml:32:13-85
194            android:authorities="com.moutamid.calenderapp.imagepicker.provider"
194-->[com.github.dhaval2404:imagepicker:2.1] AndroidManifest.xml:33:13-72
195            android:exported="false"
195-->[com.github.dhaval2404:imagepicker:2.1] AndroidManifest.xml:34:13-37
196            android:grantUriPermissions="true" >
196-->[com.github.dhaval2404:imagepicker:2.1] AndroidManifest.xml:35:13-47
197            <meta-data
197-->[com.github.dhaval2404:imagepicker:2.1] AndroidManifest.xml:36:13-38:71
198                android:name="android.support.FILE_PROVIDER_PATHS"
198-->[com.github.dhaval2404:imagepicker:2.1] AndroidManifest.xml:37:17-67
199                android:resource="@xml/image_picker_provider_paths" />
199-->[com.github.dhaval2404:imagepicker:2.1] AndroidManifest.xml:38:17-68
200        </provider>
201
202        <activity
202-->[com.google.firebase:firebase-auth:22.1.1] AndroidManifest.xml:29:9-46:20
203            android:name="com.google.firebase.auth.internal.GenericIdpActivity"
203-->[com.google.firebase:firebase-auth:22.1.1] AndroidManifest.xml:30:13-80
204            android:excludeFromRecents="true"
204-->[com.google.firebase:firebase-auth:22.1.1] AndroidManifest.xml:31:13-46
205            android:exported="true"
205-->[com.google.firebase:firebase-auth:22.1.1] AndroidManifest.xml:32:13-36
206            android:launchMode="singleTask"
206-->[com.google.firebase:firebase-auth:22.1.1] AndroidManifest.xml:33:13-44
207            android:theme="@android:style/Theme.Translucent.NoTitleBar" >
207-->[com.google.firebase:firebase-auth:22.1.1] AndroidManifest.xml:34:13-72
208            <intent-filter>
208-->[com.google.firebase:firebase-auth:22.1.1] AndroidManifest.xml:35:13-45:29
209                <action android:name="android.intent.action.VIEW" />
209-->[com.google.firebase:firebase-auth:22.1.1] AndroidManifest.xml:36:17-69
209-->[com.google.firebase:firebase-auth:22.1.1] AndroidManifest.xml:36:25-66
210
211                <category android:name="android.intent.category.DEFAULT" />
211-->[com.google.firebase:firebase-auth:22.1.1] AndroidManifest.xml:38:17-76
211-->[com.google.firebase:firebase-auth:22.1.1] AndroidManifest.xml:38:27-73
212                <category android:name="android.intent.category.BROWSABLE" />
212-->[com.google.firebase:firebase-auth:22.1.1] AndroidManifest.xml:39:17-78
212-->[com.google.firebase:firebase-auth:22.1.1] AndroidManifest.xml:39:27-75
213
214                <data
214-->[com.google.firebase:firebase-auth:22.1.1] AndroidManifest.xml:41:17-44:51
215                    android:host="firebase.auth"
215-->[com.google.firebase:firebase-auth:22.1.1] AndroidManifest.xml:42:21-49
216                    android:path="/"
216-->[com.google.firebase:firebase-auth:22.1.1] AndroidManifest.xml:43:21-37
217                    android:scheme="genericidp" />
217-->[com.google.firebase:firebase-auth:22.1.1] AndroidManifest.xml:44:21-48
218            </intent-filter>
219        </activity>
220        <activity
220-->[com.google.firebase:firebase-auth:22.1.1] AndroidManifest.xml:47:9-64:20
221            android:name="com.google.firebase.auth.internal.RecaptchaActivity"
221-->[com.google.firebase:firebase-auth:22.1.1] AndroidManifest.xml:48:13-79
222            android:excludeFromRecents="true"
222-->[com.google.firebase:firebase-auth:22.1.1] AndroidManifest.xml:49:13-46
223            android:exported="true"
223-->[com.google.firebase:firebase-auth:22.1.1] AndroidManifest.xml:50:13-36
224            android:launchMode="singleTask"
224-->[com.google.firebase:firebase-auth:22.1.1] AndroidManifest.xml:51:13-44
225            android:theme="@android:style/Theme.Translucent.NoTitleBar" >
225-->[com.google.firebase:firebase-auth:22.1.1] AndroidManifest.xml:52:13-72
226            <intent-filter>
226-->[com.google.firebase:firebase-auth:22.1.1] AndroidManifest.xml:53:13-63:29
227                <action android:name="android.intent.action.VIEW" />
227-->[com.google.firebase:firebase-auth:22.1.1] AndroidManifest.xml:36:17-69
227-->[com.google.firebase:firebase-auth:22.1.1] AndroidManifest.xml:36:25-66
228
229                <category android:name="android.intent.category.DEFAULT" />
229-->[com.google.firebase:firebase-auth:22.1.1] AndroidManifest.xml:38:17-76
229-->[com.google.firebase:firebase-auth:22.1.1] AndroidManifest.xml:38:27-73
230                <category android:name="android.intent.category.BROWSABLE" />
230-->[com.google.firebase:firebase-auth:22.1.1] AndroidManifest.xml:39:17-78
230-->[com.google.firebase:firebase-auth:22.1.1] AndroidManifest.xml:39:27-75
231
232                <data
232-->[com.google.firebase:firebase-auth:22.1.1] AndroidManifest.xml:41:17-44:51
233                    android:host="firebase.auth"
233-->[com.google.firebase:firebase-auth:22.1.1] AndroidManifest.xml:42:21-49
234                    android:path="/"
234-->[com.google.firebase:firebase-auth:22.1.1] AndroidManifest.xml:43:21-37
235                    android:scheme="recaptcha" />
235-->[com.google.firebase:firebase-auth:22.1.1] AndroidManifest.xml:44:21-48
236            </intent-filter>
237        </activity>
238        <activity
238-->[com.google.android.gms:play-services-base:18.1.0] AndroidManifest.xml:20:9-22:45
239            android:name="com.google.android.gms.common.api.GoogleApiActivity"
239-->[com.google.android.gms:play-services-base:18.1.0] AndroidManifest.xml:20:19-85
240            android:exported="false"
240-->[com.google.android.gms:play-services-base:18.1.0] AndroidManifest.xml:22:19-43
241            android:theme="@android:style/Theme.Translucent.NoTitleBar" />
241-->[com.google.android.gms:play-services-base:18.1.0] AndroidManifest.xml:21:19-78
242
243        <receiver
243-->[com.google.android.gms:play-services-measurement:21.3.0] AndroidManifest.xml:29:9-33:20
244            android:name="com.google.android.gms.measurement.AppMeasurementReceiver"
244-->[com.google.android.gms:play-services-measurement:21.3.0] AndroidManifest.xml:30:13-85
245            android:enabled="true"
245-->[com.google.android.gms:play-services-measurement:21.3.0] AndroidManifest.xml:31:13-35
246            android:exported="false" >
246-->[com.google.android.gms:play-services-measurement:21.3.0] AndroidManifest.xml:32:13-37
247        </receiver>
248
249        <service
249-->[com.google.android.gms:play-services-measurement:21.3.0] AndroidManifest.xml:35:9-38:40
250            android:name="com.google.android.gms.measurement.AppMeasurementService"
250-->[com.google.android.gms:play-services-measurement:21.3.0] AndroidManifest.xml:36:13-84
251            android:enabled="true"
251-->[com.google.android.gms:play-services-measurement:21.3.0] AndroidManifest.xml:37:13-35
252            android:exported="false" />
252-->[com.google.android.gms:play-services-measurement:21.3.0] AndroidManifest.xml:38:13-37
253        <service
253-->[com.google.android.gms:play-services-measurement:21.3.0] AndroidManifest.xml:39:9-43:72
254            android:name="com.google.android.gms.measurement.AppMeasurementJobService"
254-->[com.google.android.gms:play-services-measurement:21.3.0] AndroidManifest.xml:40:13-87
255            android:enabled="true"
255-->[com.google.android.gms:play-services-measurement:21.3.0] AndroidManifest.xml:41:13-35
256            android:exported="false"
256-->[com.google.android.gms:play-services-measurement:21.3.0] AndroidManifest.xml:42:13-37
257            android:permission="android.permission.BIND_JOB_SERVICE" />
257-->[com.google.android.gms:play-services-measurement:21.3.0] AndroidManifest.xml:43:13-69
258
259        <provider
259-->[com.google.firebase:firebase-common:20.3.3] AndroidManifest.xml:25:9-30:39
260            android:name="com.google.firebase.provider.FirebaseInitProvider"
260-->[com.google.firebase:firebase-common:20.3.3] AndroidManifest.xml:26:13-77
261            android:authorities="com.moutamid.calenderapp.firebaseinitprovider"
261-->[com.google.firebase:firebase-common:20.3.3] AndroidManifest.xml:27:13-72
262            android:directBootAware="true"
262-->[com.google.firebase:firebase-common:20.3.3] AndroidManifest.xml:28:13-43
263            android:exported="false"
263-->[com.google.firebase:firebase-common:20.3.3] AndroidManifest.xml:29:13-37
264            android:initOrder="100" />
264-->[com.google.firebase:firebase-common:20.3.3] AndroidManifest.xml:30:13-36
265        <provider
265-->[androidx.emoji2:emoji2:1.2.0] AndroidManifest.xml:24:9-32:20
266            android:name="androidx.startup.InitializationProvider"
266-->[androidx.emoji2:emoji2:1.2.0] AndroidManifest.xml:25:13-67
267            android:authorities="com.moutamid.calenderapp.androidx-startup"
267-->[androidx.emoji2:emoji2:1.2.0] AndroidManifest.xml:26:13-68
268            android:exported="false" >
268-->[androidx.emoji2:emoji2:1.2.0] AndroidManifest.xml:27:13-37
269            <meta-data
269-->[androidx.emoji2:emoji2:1.2.0] AndroidManifest.xml:29:13-31:52
270                android:name="androidx.emoji2.text.EmojiCompatInitializer"
270-->[androidx.emoji2:emoji2:1.2.0] AndroidManifest.xml:30:17-75
271                android:value="androidx.startup" />
271-->[androidx.emoji2:emoji2:1.2.0] AndroidManifest.xml:31:17-49
272            <meta-data
272-->[androidx.lifecycle:lifecycle-process:2.4.1] AndroidManifest.xml:31:13-33:52
273                android:name="androidx.lifecycle.ProcessLifecycleInitializer"
273-->[androidx.lifecycle:lifecycle-process:2.4.1] AndroidManifest.xml:32:17-78
274                android:value="androidx.startup" />
274-->[androidx.lifecycle:lifecycle-process:2.4.1] AndroidManifest.xml:33:17-49
275        </provider>
276    </application>
277
278</manifest>